[debug] [2021-04-10T10:48:53.990Z] ----------------------------------------------------------------------
[debug] [2021-04-10T10:48:53.998Z] Command:       C:\Program Files\nodejs\node.exe C:\Users\noman\AppData\Roaming\npm\node_modules\firebase-tools\lib\bin\firebase.js emulators:start
[debug] [2021-04-10T10:48:53.999Z] CLI Version:   9.9.0
[debug] [2021-04-10T10:48:53.999Z] Platform:      win32
[debug] [2021-04-10T10:48:53.999Z] Node Version:  v15.9.0
[debug] [2021-04-10T10:48:54.101Z] Time:          Sat Apr 10 2021 16:18:54 GMT+0530 (India Standard Time)
[debug] [2021-04-10T10:48:54.102Z] ----------------------------------------------------------------------
[debug] 
[debug] [2021-04-10T10:48:54.195Z] > command requires scopes: ["email","openid","https://www.googleapis.com/auth/cloudplatformprojects.readonly","https://www.googleapis.com/auth/firebase","https://www.googleapis.com/auth/cloud-platform"]
[debug] [2021-04-10T10:48:54.196Z] > authorizing via signed-in user (mojodastyle@gmail.com)
[info] i  emulators: Starting emulators: functions, hosting {"metadata":{"emulator":{"name":"hub"},"message":"Starting emulators: functions, hosting"}}
[debug] [2021-04-10T10:48:54.519Z] [hub] writing locator at C:\Users\noman\AppData\Local\Temp\hub-clone-53dd7.json
[warn] !  functions: The following emulators are not running, calls to these services from the Functions emulator will affect production: auth, firestore, database, pubsub {"metadata":{"emulator":{"name":"functions"},"message":"The following emulators are not running, calls to these services from the Functions emulator will affect production: \u001b[1mauth, firestore, database, pubsub\u001b[22m"}}
[warn] !  Your requested "node" version "12" doesn't match your global version "15" {"metadata":{"emulator":{"name":"functions"},"message":"Your requested \"node\" version \"12\" doesn't match your global version \"15\""}}
[debug] [2021-04-10T10:48:54.820Z] defaultcredentials: writing to file C:\Users\noman\AppData\Roaming\firebase\mojodastyle_gmail_com_application_default_credentials.json
[debug] [2021-04-10T10:48:54.838Z] Setting GAC to C:\Users\noman\AppData\Roaming\firebase\mojodastyle_gmail_com_application_default_credentials.json {"metadata":{"emulator":{"name":"functions"},"message":"Setting GAC to C:\\Users\\noman\\AppData\\Roaming\\firebase\\mojodastyle_gmail_com_application_default_credentials.json"}}
[debug] [2021-04-10T10:48:54.843Z] > refreshing access token with scopes: []
[debug] [2021-04-10T10:48:54.846Z] >>> HTTP REQUEST POST https://www.googleapis.com/oauth2/v3/token  
 <request body omitted>
[debug] [2021-04-10T10:48:55.962Z] <<< HTTP RESPONSE 200 {"cache-control":"no-cache, no-store, max-age=0, must-revalidate","pragma":"no-cache","date":"Sat, 10 Apr 2021 10:48:56 GMT","expires":"Mon, 01 Jan 1990 00:00:00 GMT","content-type":"application/json; charset=utf-8","vary":"X-Origin, Referer, Origin,Accept-Encoding","server":"scaffolding on HTTPServer2","x-xss-protection":"0","x-frame-options":"SAMEORIGIN","x-content-type-options":"nosniff","alt-svc":"h3-29=\":443\"; ma=2592000,h3-T051=\":443\"; ma=2592000,h3-Q050=\":443\"; ma=2592000,h3-Q046=\":443\"; ma=2592000,h3-Q043=\":443\"; ma=2592000,quic=\":443\"; ma=2592000; v=\"46,43\"","accept-ranges":"none","transfer-encoding":"chunked"}
[debug] [2021-04-10T10:48:56.045Z] >>> [apiv2][query] GET https://firebase.googleapis.com/v1beta1/projects/clone-53dd7/adminSdkConfig [none]
[debug] [2021-04-10T10:48:57.000Z] <<< [apiv2][status] GET https://firebase.googleapis.com/v1beta1/projects/clone-53dd7/adminSdkConfig 200
[debug] [2021-04-10T10:48:57.001Z] <<< [apiv2][body] GET https://firebase.googleapis.com/v1beta1/projects/clone-53dd7/adminSdkConfig {"projectId":"clone-53dd7","storageBucket":"clone-53dd7.appspot.com","locationId":"us-central"}
[debug] [2021-04-10T10:48:57.081Z] >>> [apiv2][query] GET https://firebase.googleapis.com/v1beta1/projects/clone-53dd7/webApps/-/config [none]
[debug] [2021-04-10T10:48:58.665Z] <<< [apiv2][status] GET https://firebase.googleapis.com/v1beta1/projects/clone-53dd7/webApps/-/config 200
[debug] [2021-04-10T10:48:58.665Z] <<< [apiv2][body] GET https://firebase.googleapis.com/v1beta1/projects/clone-53dd7/webApps/-/config {"projectId":"clone-53dd7","appId":"1:16310662718:web:84602f3eddceb751b7c36f","storageBucket":"clone-53dd7.appspot.com","locationId":"us-central","apiKey":"AIzaSyDcPSWe6mecG8SPEAf_L5NprhW-EVUvESk","authDomain":"clone-53dd7.firebaseapp.com","messagingSenderId":"16310662718","measurementId":"G-Y5P7D1VJ6T"}
[info] i  hosting: Serving hosting files from: build {"metadata":{"emulator":{"name":"hosting"},"message":"Serving hosting files from: \u001b[1mbuild\u001b[22m"}}
[info] +  hosting: Local server: http://localhost:5000 {"metadata":{"emulator":{"name":"hosting"},"message":"Local server: \u001b[4m\u001b[1mhttp://localhost:5000\u001b[22m\u001b[24m"}}
[debug] [2021-04-10T10:48:59.043Z] Ignoring unsupported arg: auto_download {"metadata":{"emulator":{"name":"ui"},"message":"Ignoring unsupported arg: auto_download"}}
[debug] [2021-04-10T10:48:59.045Z] Ignoring unsupported arg: port {"metadata":{"emulator":{"name":"ui"},"message":"Ignoring unsupported arg: port"}}
[debug] [2021-04-10T10:48:59.046Z] Starting Emulator UI with command {"binary":"node","args":["C:\\Users\\noman\\.cache\\firebase\\emulators\\ui-v1.4.2\\server.bundle.js"],"optionalArgs":[],"joinArgs":false} {"metadata":{"emulator":{"name":"ui"},"message":"Starting Emulator UI with command {\"binary\":\"node\",\"args\":[\"C:\\\\Users\\\\noman\\\\.cache\\\\firebase\\\\emulators\\\\ui-v1.4.2\\\\server.bundle.js\"],\"optionalArgs\":[],\"joinArgs\":false}"}}
[info] i  ui: Emulator UI logging to ui-debug.log {"metadata":{"emulator":{"name":"ui"},"message":"Emulator UI logging to \u001b[1mui-debug.log\u001b[22m"}}
[debug] [2021-04-10T10:49:00.251Z] Web / API server started at http://localhost:4000
 {"metadata":{"emulator":{"name":"ui"},"message":"Web / API server started at http://localhost:4000\n"}}
[info] i  functions: Watching "C:\Users\noman\amazon\amazon-clone\functions" for Cloud Functions... {"metadata":{"emulator":{"name":"functions"},"message":"Watching \"C:\\Users\\noman\\amazon\\amazon-clone\\functions\" for Cloud Functions..."}}
[debug] [2021-04-10T10:49:00.562Z] [worker-pool] addWorker(~diagnostic~) {"metadata":{"emulator":{"name":"functions"},"message":"[worker-pool] addWorker(~diagnostic~)"}}
[debug] [2021-04-10T10:49:00.563Z] [worker-pool] Adding worker with key ~diagnostic~, total=1 {"metadata":{"emulator":{"name":"functions"},"message":"[worker-pool] Adding worker with key ~diagnostic~, total=1"}}
[debug] [2021-04-10T10:49:00.564Z] [worker-pool] submitWork(triggerId=) {"metadata":{"emulator":{"name":"functions"},"message":"[worker-pool] submitWork(triggerId=)"}}
[debug] [2021-04-10T10:49:00.566Z] [worker-~diagnostic~-174e7fdf-5c6b-4968-b1f7-b6fef79da049]: Assigning socketPath: \\?\pipe\C:\Users\noman\amazon\amazon-clone\functions\15784 {"metadata":{"emulator":{"name":"functions"},"message":"[worker-~diagnostic~-174e7fdf-5c6b-4968-b1f7-b6fef79da049]: Assigning socketPath: \\\\?\\pipe\\C:\\Users\\noman\\amazon\\amazon-clone\\functions\\15784"}}
[debug] [2021-04-10T10:49:00.567Z] [worker-~diagnostic~-174e7fdf-5c6b-4968-b1f7-b6fef79da049]: BUSY {"metadata":{"emulator":{"name":"functions"},"message":"[worker-~diagnostic~-174e7fdf-5c6b-4968-b1f7-b6fef79da049]: BUSY"}}
[debug] [2021-04-10T10:49:05.226Z] [runtime-status] [15784] Functions runtime initialized. {"cwd":"C:\\Users\\noman\\amazon\\amazon-clone\\functions","node_version":"15.9.0"} {"metadata":{"emulator":{"name":"functions"},"message":"[runtime-status] [15784] Functions runtime initialized. {\"cwd\":\"C:\\\\Users\\\\noman\\\\amazon\\\\amazon-clone\\\\functions\",\"node_version\":\"15.9.0\"}"}}
[debug] [2021-04-10T10:49:05.322Z] [runtime-status] [15784] Disabled runtime features: undefined {"metadata":{"emulator":{"name":"functions"},"message":"[runtime-status] [15784] Disabled runtime features: undefined"}}
[debug] [2021-04-10T10:49:05.441Z] [runtime-status] [15784] Resolved module firebase-admin {"declared":true,"installed":true,"version":"9.6.0","resolution":"C:\\Users\\noman\\amazon\\amazon-clone\\functions\\node_modules\\firebase-admin\\lib\\index.js"} {"metadata":{"emulator":{"name":"functions"},"message":"[runtime-status] [15784] Resolved module firebase-admin {\"declared\":true,\"installed\":true,\"version\":\"9.6.0\",\"resolution\":\"C:\\\\Users\\\\noman\\\\amazon\\\\amazon-clone\\\\functions\\\\node_modules\\\\firebase-admin\\\\lib\\\\index.js\"}"}}
[debug] [2021-04-10T10:49:05.470Z] [runtime-status] [15784] Resolved module firebase-functions {"declared":true,"installed":true,"version":"3.13.2","resolution":"C:\\Users\\noman\\amazon\\amazon-clone\\functions\\node_modules\\firebase-functions\\lib\\index.js"} {"metadata":{"emulator":{"name":"functions"},"message":"[runtime-status] [15784] Resolved module firebase-functions {\"declared\":true,\"installed\":true,\"version\":\"3.13.2\",\"resolution\":\"C:\\\\Users\\\\noman\\\\amazon\\\\amazon-clone\\\\functions\\\\node_modules\\\\firebase-functions\\\\lib\\\\index.js\"}"}}
[debug] [2021-04-10T10:49:05.487Z] [runtime-status] [15784] Resolved module firebase-functions {"declared":true,"installed":true,"version":"3.13.2","resolution":"C:\\Users\\noman\\amazon\\amazon-clone\\functions\\node_modules\\firebase-functions\\lib\\index.js"} {"metadata":{"emulator":{"name":"functions"},"message":"[runtime-status] [15784] Resolved module firebase-functions {\"declared\":true,\"installed\":true,\"version\":\"3.13.2\",\"resolution\":\"C:\\\\Users\\\\noman\\\\amazon\\\\amazon-clone\\\\functions\\\\node_modules\\\\firebase-functions\\\\lib\\\\index.js\"}"}}
[debug] [2021-04-10T10:49:05.589Z] [runtime-status] [15784] Outgoing network have been stubbed. [{"name":"http","status":"mocked"},{"name":"http","status":"mocked"},{"name":"https","status":"mocked"},{"name":"https","status":"mocked"},{"name":"net","status":"mocked"}] {"metadata":{"emulator":{"name":"functions"},"message":"[runtime-status] [15784] Outgoing network have been stubbed. [{\"name\":\"http\",\"status\":\"mocked\"},{\"name\":\"http\",\"status\":\"mocked\"},{\"name\":\"https\",\"status\":\"mocked\"},{\"name\":\"https\",\"status\":\"mocked\"},{\"name\":\"net\",\"status\":\"mocked\"}]"}}
[debug] [2021-04-10T10:49:05.810Z] [runtime-status] [15784] Resolved module firebase-functions {"declared":true,"installed":true,"version":"3.13.2","resolution":"C:\\Users\\noman\\amazon\\amazon-clone\\functions\\node_modules\\firebase-functions\\lib\\index.js"} {"metadata":{"emulator":{"name":"functions"},"message":"[runtime-status] [15784] Resolved module firebase-functions {\"declared\":true,\"installed\":true,\"version\":\"3.13.2\",\"resolution\":\"C:\\\\Users\\\\noman\\\\amazon\\\\amazon-clone\\\\functions\\\\node_modules\\\\firebase-functions\\\\lib\\\\index.js\"}"}}
[debug] [2021-04-10T10:49:07.661Z] [runtime-status] [15784] Checked functions.config() {"config":{}} {"metadata":{"emulator":{"name":"functions"},"message":"[runtime-status] [15784] Checked functions.config() {\"config\":{}}"}}
[debug] [2021-04-10T10:49:07.662Z] [runtime-status] [15784] firebase-functions has been stubbed. {"functionsResolution":{"declared":true,"installed":true,"version":"3.13.2","resolution":"C:\\Users\\noman\\amazon\\amazon-clone\\functions\\node_modules\\firebase-functions\\lib\\index.js"}} {"metadata":{"emulator":{"name":"functions"},"message":"[runtime-status] [15784] firebase-functions has been stubbed. {\"functionsResolution\":{\"declared\":true,\"installed\":true,\"version\":\"3.13.2\",\"resolution\":\"C:\\\\Users\\\\noman\\\\amazon\\\\amazon-clone\\\\functions\\\\node_modules\\\\firebase-functions\\\\lib\\\\index.js\"}}"}}
[debug] [2021-04-10T10:49:07.668Z] [runtime-status] [15784] Resolved module firebase-functions {"declared":true,"installed":true,"version":"3.13.2","resolution":"C:\\Users\\noman\\amazon\\amazon-clone\\functions\\node_modules\\firebase-functions\\lib\\index.js"} {"metadata":{"emulator":{"name":"functions"},"message":"[runtime-status] [15784] Resolved module firebase-functions {\"declared\":true,\"installed\":true,\"version\":\"3.13.2\",\"resolution\":\"C:\\\\Users\\\\noman\\\\amazon\\\\amazon-clone\\\\functions\\\\node_modules\\\\firebase-functions\\\\lib\\\\index.js\"}"}}
[debug] [2021-04-10T10:49:07.674Z] [runtime-status] [15784] Resolved module firebase-admin {"declared":true,"installed":true,"version":"9.6.0","resolution":"C:\\Users\\noman\\amazon\\amazon-clone\\functions\\node_modules\\firebase-admin\\lib\\index.js"} {"metadata":{"emulator":{"name":"functions"},"message":"[runtime-status] [15784] Resolved module firebase-admin {\"declared\":true,\"installed\":true,\"version\":\"9.6.0\",\"resolution\":\"C:\\\\Users\\\\noman\\\\amazon\\\\amazon-clone\\\\functions\\\\node_modules\\\\firebase-admin\\\\lib\\\\index.js\"}"}}
[debug] [2021-04-10T10:49:07.679Z] [runtime-status] [15784] Resolved module firebase-functions {"declared":true,"installed":true,"version":"3.13.2","resolution":"C:\\Users\\noman\\amazon\\amazon-clone\\functions\\node_modules\\firebase-functions\\lib\\index.js"} {"metadata":{"emulator":{"name":"functions"},"message":"[runtime-status] [15784] Resolved module firebase-functions {\"declared\":true,\"installed\":true,\"version\":\"3.13.2\",\"resolution\":\"C:\\\\Users\\\\noman\\\\amazon\\\\amazon-clone\\\\functions\\\\node_modules\\\\firebase-functions\\\\lib\\\\index.js\"}"}}
[debug] [2021-04-10T10:49:07.680Z] [runtime-status] [15784] firebase-admin has been stubbed. {"adminResolution":{"declared":true,"installed":true,"version":"9.6.0","resolution":"C:\\Users\\noman\\amazon\\amazon-clone\\functions\\node_modules\\firebase-admin\\lib\\index.js"}} {"metadata":{"emulator":{"name":"functions"},"message":"[runtime-status] [15784] firebase-admin has been stubbed. {\"adminResolution\":{\"declared\":true,\"installed\":true,\"version\":\"9.6.0\",\"resolution\":\"C:\\\\Users\\\\noman\\\\amazon\\\\amazon-clone\\\\functions\\\\node_modules\\\\firebase-admin\\\\lib\\\\index.js\"}}"}}
[info] +  functions[api]: http function initialized (http://localhost:5001/clone-53dd7/us-central1/api). {"metadata":{"emulator":{"name":"functions"},"message":"\u001b[1mhttp\u001b[22m function initialized (http://localhost:5001/clone-53dd7/us-central1/api)."}}
[info] 
┌─────────────────────────────────────────────────────────────┐
│ ✔  All emulators ready! It is now safe to connect your app. │
│ i  View Emulator UI at http://localhost:4000                │
└─────────────────────────────────────────────────────────────┘

┌───────────┬────────────────┬─────────────────────────────────┐
│ Emulator  │ Host:Port      │ View in Emulator UI             │
├───────────┼────────────────┼─────────────────────────────────┤
│ Functions │ localhost:5001 │ http://localhost:4000/functions │
├───────────┼────────────────┼─────────────────────────────────┤
│ Hosting   │ localhost:5000 │ n/a                             │
└───────────┴────────────────┴─────────────────────────────────┘
  Emulator Hub running at localhost:4400
  Other reserved ports: 4500

Issues? Report them at https://github.com/firebase/firebase-tools/issues and attach the *-debug.log files.
 
[debug] [2021-04-10T10:49:12.620Z] [worker-~diagnostic~-174e7fdf-5c6b-4968-b1f7-b6fef79da049]: IDLE {"metadata":{"emulator":{"name":"functions"},"message":"[worker-~diagnostic~-174e7fdf-5c6b-4968-b1f7-b6fef79da049]: IDLE"}}
[debug] [2021-04-10T10:51:48.950Z] [work-queue] {"queueLength":1,"workRunningCount":0}
[debug] [2021-04-10T10:51:48.952Z] [work-queue] {"queueLength":0,"workRunningCount":1}
[debug] [2021-04-10T10:51:48.955Z] Accepted request POST /clone-53dd7/us-central1/api/payments/create?total=23900 --> api
[debug] [2021-04-10T10:51:49.036Z] [worker-pool] addWorker(api) {"metadata":{"emulator":{"name":"functions"},"message":"[worker-pool] addWorker(api)"}}
[debug] [2021-04-10T10:51:49.042Z] [worker-pool] Adding worker with key api, total=1 {"metadata":{"emulator":{"name":"functions"},"message":"[worker-pool] Adding worker with key api, total=1"}}
[debug] [2021-04-10T10:51:49.042Z] [worker-pool] submitWork(triggerId=api) {"metadata":{"emulator":{"name":"functions"},"message":"[worker-pool] submitWork(triggerId=api)"}}
[debug] [2021-04-10T10:51:49.043Z] [worker-api-ddba923f-ba7c-411e-be33-8e18fe4c2677]: Assigning socketPath: \\?\pipe\C:\Users\noman\amazon\amazon-clone\functions\11312 {"metadata":{"emulator":{"name":"functions"},"message":"[worker-api-ddba923f-ba7c-411e-be33-8e18fe4c2677]: Assigning socketPath: \\\\?\\pipe\\C:\\Users\\noman\\amazon\\amazon-clone\\functions\\11312"}}
[debug] [2021-04-10T10:51:49.043Z] [worker-api-ddba923f-ba7c-411e-be33-8e18fe4c2677]: BUSY {"metadata":{"emulator":{"name":"functions"},"message":"[worker-api-ddba923f-ba7c-411e-be33-8e18fe4c2677]: BUSY"}}
[debug] [2021-04-10T10:51:54.693Z] [runtime-status] [11312] Functions runtime initialized. {"cwd":"C:\\Users\\noman\\amazon\\amazon-clone\\functions","node_version":"15.9.0"} {"metadata":{"emulator":{"name":"functions"},"function":{"name":"api"},"message":"[runtime-status] [11312] Functions runtime initialized. {\"cwd\":\"C:\\\\Users\\\\noman\\\\amazon\\\\amazon-clone\\\\functions\",\"node_version\":\"15.9.0\"}"}}
[debug] [2021-04-10T10:51:54.703Z] [runtime-status] [11312] Disabled runtime features: undefined {"metadata":{"emulator":{"name":"functions"},"function":{"name":"api"},"message":"[runtime-status] [11312] Disabled runtime features: undefined"}}
[debug] [2021-04-10T10:51:54.750Z] [runtime-status] [11312] Resolved module firebase-admin {"declared":true,"installed":true,"version":"9.6.0","resolution":"C:\\Users\\noman\\amazon\\amazon-clone\\functions\\node_modules\\firebase-admin\\lib\\index.js"} {"metadata":{"emulator":{"name":"functions"},"function":{"name":"api"},"message":"[runtime-status] [11312] Resolved module firebase-admin {\"declared\":true,\"installed\":true,\"version\":\"9.6.0\",\"resolution\":\"C:\\\\Users\\\\noman\\\\amazon\\\\amazon-clone\\\\functions\\\\node_modules\\\\firebase-admin\\\\lib\\\\index.js\"}"}}
[debug] [2021-04-10T10:51:54.885Z] [runtime-status] [11312] Resolved module firebase-functions {"declared":true,"installed":true,"version":"3.13.2","resolution":"C:\\Users\\noman\\amazon\\amazon-clone\\functions\\node_modules\\firebase-functions\\lib\\index.js"} {"metadata":{"emulator":{"name":"functions"},"function":{"name":"api"},"message":"[runtime-status] [11312] Resolved module firebase-functions {\"declared\":true,\"installed\":true,\"version\":\"3.13.2\",\"resolution\":\"C:\\\\Users\\\\noman\\\\amazon\\\\amazon-clone\\\\functions\\\\node_modules\\\\firebase-functions\\\\lib\\\\index.js\"}"}}
[debug] [2021-04-10T10:51:54.901Z] [runtime-status] [11312] Resolved module firebase-functions {"declared":true,"installed":true,"version":"3.13.2","resolution":"C:\\Users\\noman\\amazon\\amazon-clone\\functions\\node_modules\\firebase-functions\\lib\\index.js"} {"metadata":{"emulator":{"name":"functions"},"function":{"name":"api"},"message":"[runtime-status] [11312] Resolved module firebase-functions {\"declared\":true,\"installed\":true,\"version\":\"3.13.2\",\"resolution\":\"C:\\\\Users\\\\noman\\\\amazon\\\\amazon-clone\\\\functions\\\\node_modules\\\\firebase-functions\\\\lib\\\\index.js\"}"}}
[debug] [2021-04-10T10:51:54.932Z] [runtime-status] [11312] Outgoing network have been stubbed. [{"name":"http","status":"mocked"},{"name":"http","status":"mocked"},{"name":"https","status":"mocked"},{"name":"https","status":"mocked"},{"name":"net","status":"mocked"}] {"metadata":{"emulator":{"name":"functions"},"function":{"name":"api"},"message":"[runtime-status] [11312] Outgoing network have been stubbed. [{\"name\":\"http\",\"status\":\"mocked\"},{\"name\":\"http\",\"status\":\"mocked\"},{\"name\":\"https\",\"status\":\"mocked\"},{\"name\":\"https\",\"status\":\"mocked\"},{\"name\":\"net\",\"status\":\"mocked\"}]"}}
[debug] [2021-04-10T10:51:54.947Z] [runtime-status] [11312] Resolved module firebase-functions {"declared":true,"installed":true,"version":"3.13.2","resolution":"C:\\Users\\noman\\amazon\\amazon-clone\\functions\\node_modules\\firebase-functions\\lib\\index.js"} {"metadata":{"emulator":{"name":"functions"},"function":{"name":"api"},"message":"[runtime-status] [11312] Resolved module firebase-functions {\"declared\":true,\"installed\":true,\"version\":\"3.13.2\",\"resolution\":\"C:\\\\Users\\\\noman\\\\amazon\\\\amazon-clone\\\\functions\\\\node_modules\\\\firebase-functions\\\\lib\\\\index.js\"}"}}
[debug] [2021-04-10T10:51:55.490Z] [runtime-status] [11312] Checked functions.config() {"config":{}} {"metadata":{"emulator":{"name":"functions"},"function":{"name":"api"},"message":"[runtime-status] [11312] Checked functions.config() {\"config\":{}}"}}
[debug] [2021-04-10T10:51:55.491Z] [runtime-status] [11312] firebase-functions has been stubbed. {"functionsResolution":{"declared":true,"installed":true,"version":"3.13.2","resolution":"C:\\Users\\noman\\amazon\\amazon-clone\\functions\\node_modules\\firebase-functions\\lib\\index.js"}} {"metadata":{"emulator":{"name":"functions"},"function":{"name":"api"},"message":"[runtime-status] [11312] firebase-functions has been stubbed. {\"functionsResolution\":{\"declared\":true,\"installed\":true,\"version\":\"3.13.2\",\"resolution\":\"C:\\\\Users\\\\noman\\\\amazon\\\\amazon-clone\\\\functions\\\\node_modules\\\\firebase-functions\\\\lib\\\\index.js\"}}"}}
[debug] [2021-04-10T10:51:55.496Z] [runtime-status] [11312] Resolved module firebase-functions {"declared":true,"installed":true,"version":"3.13.2","resolution":"C:\\Users\\noman\\amazon\\amazon-clone\\functions\\node_modules\\firebase-functions\\lib\\index.js"} {"metadata":{"emulator":{"name":"functions"},"function":{"name":"api"},"message":"[runtime-status] [11312] Resolved module firebase-functions {\"declared\":true,\"installed\":true,\"version\":\"3.13.2\",\"resolution\":\"C:\\\\Users\\\\noman\\\\amazon\\\\amazon-clone\\\\functions\\\\node_modules\\\\firebase-functions\\\\lib\\\\index.js\"}"}}
[debug] [2021-04-10T10:51:55.507Z] [runtime-status] [11312] Resolved module firebase-admin {"declared":true,"installed":true,"version":"9.6.0","resolution":"C:\\Users\\noman\\amazon\\amazon-clone\\functions\\node_modules\\firebase-admin\\lib\\index.js"} {"metadata":{"emulator":{"name":"functions"},"function":{"name":"api"},"message":"[runtime-status] [11312] Resolved module firebase-admin {\"declared\":true,\"installed\":true,\"version\":\"9.6.0\",\"resolution\":\"C:\\\\Users\\\\noman\\\\amazon\\\\amazon-clone\\\\functions\\\\node_modules\\\\firebase-admin\\\\lib\\\\index.js\"}"}}
[debug] [2021-04-10T10:51:55.515Z] [runtime-status] [11312] Resolved module firebase-functions {"declared":true,"installed":true,"version":"3.13.2","resolution":"C:\\Users\\noman\\amazon\\amazon-clone\\functions\\node_modules\\firebase-functions\\lib\\index.js"} {"metadata":{"emulator":{"name":"functions"},"function":{"name":"api"},"message":"[runtime-status] [11312] Resolved module firebase-functions {\"declared\":true,\"installed\":true,\"version\":\"3.13.2\",\"resolution\":\"C:\\\\Users\\\\noman\\\\amazon\\\\amazon-clone\\\\functions\\\\node_modules\\\\firebase-functions\\\\lib\\\\index.js\"}"}}
[debug] [2021-04-10T10:51:55.518Z] [runtime-status] [11312] firebase-admin has been stubbed. {"adminResolution":{"declared":true,"installed":true,"version":"9.6.0","resolution":"C:\\Users\\noman\\amazon\\amazon-clone\\functions\\node_modules\\firebase-admin\\lib\\index.js"}} {"metadata":{"emulator":{"name":"functions"},"function":{"name":"api"},"message":"[runtime-status] [11312] firebase-admin has been stubbed. {\"adminResolution\":{\"declared\":true,\"installed\":true,\"version\":\"9.6.0\",\"resolution\":\"C:\\\\Users\\\\noman\\\\amazon\\\\amazon-clone\\\\functions\\\\node_modules\\\\firebase-admin\\\\lib\\\\index.js\"}}"}}
[debug] [2021-04-10T10:51:57.077Z] [runtime-status] [11312] Trigger "api" has been found, beginning invocation! {"metadata":{"emulator":{"name":"functions"},"function":{"name":"api"},"message":"[runtime-status] [11312] Trigger \"api\" has been found, beginning invocation!"}}
[info] i  functions: Beginning execution of "api" {"metadata":{"emulator":{"name":"functions"},"function":{"name":"api"},"message":"Beginning execution of \"api\""}}
[debug] [2021-04-10T10:51:57.087Z] [runtime-status] [11312] triggerDefinition {"httpsTrigger":{},"name":"api","entryPoint":"api"} {"metadata":{"emulator":{"name":"functions"},"function":{"name":"api"},"message":"[runtime-status] [11312] triggerDefinition {\"httpsTrigger\":{},\"name\":\"api\",\"entryPoint\":\"api\"}"}}
[debug] [2021-04-10T10:51:57.088Z] [runtime-status] [11312] Running api in mode HTTPS {"metadata":{"emulator":{"name":"functions"},"function":{"name":"api"},"message":"[runtime-status] [11312] Running api in mode HTTPS"}}
[debug] [2021-04-10T10:51:57.109Z] [runtime-status] [11312] Attempting to listen to socketPath: \\?\pipe\C:\Users\noman\amazon\amazon-clone\functions\11312 {"metadata":{"emulator":{"name":"functions"},"function":{"name":"api"},"message":"[runtime-status] [11312] Attempting to listen to socketPath: \\\\?\\pipe\\C:\\Users\\noman\\amazon\\amazon-clone\\functions\\11312"}}
[debug] [2021-04-10T10:51:57.123Z] [functions] Runtime ready! Sending request! {"metadata":{"emulator":{"name":"functions"},"message":"[functions] Runtime ready! Sending request!"}}
[debug] [2021-04-10T10:51:57.126Z] [functions] Got req.url=/clone-53dd7/us-central1/api/payments/create?total=23900, mapping to path=/payments/create?total=23900 {"metadata":{"emulator":{"name":"functions"},"message":"[functions] Got req.url=/clone-53dd7/us-central1/api/payments/create?total=23900, mapping to path=/payments/create?total=23900"}}
[debug] [2021-04-10T10:51:57.189Z] [runtime-status] [11312] Ephemeral server handling POST request {"metadata":{"emulator":{"name":"functions"},"function":{"name":"api"},"message":"[runtime-status] [11312] Ephemeral server handling POST request"}}
[info] >  Payment Request Recieved BOOM!!! for this amount >>>  23900 {"user":"Payment Request Recieved BOOM!!! for this amount >>>  23900","metadata":{"emulator":{"name":"functions"},"function":{"name":"api"},"message":"\u001b[90m> \u001b[39m Payment Request Recieved BOOM!!! for this amount >>>  23900"}}
[debug] [2021-04-10T10:51:57.421Z] [runtime-status] [11312] Ephemeral server survived. {"metadata":{"emulator":{"name":"functions"},"function":{"name":"api"},"message":"[runtime-status] [11312] Ephemeral server survived."}}
[info] i  functions: Finished "api" in ~1s {"metadata":{"emulator":{"name":"functions"},"function":{"name":"api"},"message":"Finished \"api\" in ~1s"}}
[debug] [2021-04-10T10:51:59.266Z] [worker-api-ddba923f-ba7c-411e-be33-8e18fe4c2677]: IDLE {"metadata":{"emulator":{"name":"functions"},"message":"[worker-api-ddba923f-ba7c-411e-be33-8e18fe4c2677]: IDLE"}}
[debug] [2021-04-10T10:51:59.267Z] [work-queue] {"queueLength":0,"workRunningCount":0}
[debug] [2021-04-10T10:55:09.237Z] [work-queue] {"queueLength":1,"workRunningCount":0}
[debug] [2021-04-10T10:55:09.238Z] [work-queue] {"queueLength":0,"workRunningCount":1}
[debug] [2021-04-10T10:55:09.239Z] Accepted request POST /clone-53dd7/us-central1/api/payments/create?total=23900 --> api
[debug] [2021-04-10T10:55:09.240Z] [worker-pool] submitWork(triggerId=api) {"metadata":{"emulator":{"name":"functions"},"message":"[worker-pool] submitWork(triggerId=api)"}}
[debug] [2021-04-10T10:55:09.241Z] [worker-api-ddba923f-ba7c-411e-be33-8e18fe4c2677]: Assigning socketPath: \\?\pipe\C:\Users\noman\amazon\amazon-clone\functions\11312 {"metadata":{"emulator":{"name":"functions"},"message":"[worker-api-ddba923f-ba7c-411e-be33-8e18fe4c2677]: Assigning socketPath: \\\\?\\pipe\\C:\\Users\\noman\\amazon\\amazon-clone\\functions\\11312"}}
[debug] [2021-04-10T10:55:09.241Z] [worker-api-ddba923f-ba7c-411e-be33-8e18fe4c2677]: BUSY {"metadata":{"emulator":{"name":"functions"},"message":"[worker-api-ddba923f-ba7c-411e-be33-8e18fe4c2677]: BUSY"}}
[debug] [2021-04-10T10:55:09.247Z] [runtime-status] [11312] Trigger "api" has been found, beginning invocation! {"metadata":{"emulator":{"name":"functions"},"function":{"name":"api"},"message":"[runtime-status] [11312] Trigger \"api\" has been found, beginning invocation!"}}
[info] i  functions: Beginning execution of "api" {"metadata":{"emulator":{"name":"functions"},"function":{"name":"api"},"message":"Beginning execution of \"api\""}}
[debug] [2021-04-10T10:55:09.526Z] [runtime-status] [11312] triggerDefinition {"httpsTrigger":{},"name":"api","entryPoint":"api"} {"metadata":{"emulator":{"name":"functions"},"function":{"name":"api"},"message":"[runtime-status] [11312] triggerDefinition {\"httpsTrigger\":{},\"name\":\"api\",\"entryPoint\":\"api\"}"}}
[debug] [2021-04-10T10:55:09.527Z] [runtime-status] [11312] Running api in mode HTTPS {"metadata":{"emulator":{"name":"functions"},"function":{"name":"api"},"message":"[runtime-status] [11312] Running api in mode HTTPS"}}
[debug] [2021-04-10T10:55:09.527Z] [runtime-status] [11312] Attempting to listen to socketPath: \\?\pipe\C:\Users\noman\amazon\amazon-clone\functions\11312 {"metadata":{"emulator":{"name":"functions"},"function":{"name":"api"},"message":"[runtime-status] [11312] Attempting to listen to socketPath: \\\\?\\pipe\\C:\\Users\\noman\\amazon\\amazon-clone\\functions\\11312"}}
[debug] [2021-04-10T10:55:09.531Z] [functions] Runtime ready! Sending request! {"metadata":{"emulator":{"name":"functions"},"message":"[functions] Runtime ready! Sending request!"}}
[debug] [2021-04-10T10:55:09.532Z] [functions] Got req.url=/clone-53dd7/us-central1/api/payments/create?total=23900, mapping to path=/payments/create?total=23900 {"metadata":{"emulator":{"name":"functions"},"message":"[functions] Got req.url=/clone-53dd7/us-central1/api/payments/create?total=23900, mapping to path=/payments/create?total=23900"}}
[debug] [2021-04-10T10:55:09.546Z] [runtime-status] [11312] Ephemeral server handling POST request {"metadata":{"emulator":{"name":"functions"},"function":{"name":"api"},"message":"[runtime-status] [11312] Ephemeral server handling POST request"}}
[info] >  Payment Request Recieved BOOM!!! for this amount >>>  23900 {"user":"Payment Request Recieved BOOM!!! for this amount >>>  23900","metadata":{"emulator":{"name":"functions"},"function":{"name":"api"},"message":"\u001b[90m> \u001b[39m Payment Request Recieved BOOM!!! for this amount >>>  23900"}}
[debug] [2021-04-10T10:55:09.761Z] [runtime-status] [11312] Ephemeral server survived. {"metadata":{"emulator":{"name":"functions"},"function":{"name":"api"},"message":"[runtime-status] [11312] Ephemeral server survived."}}
[info] i  functions: Finished "api" in ~1s {"metadata":{"emulator":{"name":"functions"},"function":{"name":"api"},"message":"Finished \"api\" in ~1s"}}
[debug] [2021-04-10T10:55:11.128Z] [worker-api-ddba923f-ba7c-411e-be33-8e18fe4c2677]: IDLE {"metadata":{"emulator":{"name":"functions"},"message":"[worker-api-ddba923f-ba7c-411e-be33-8e18fe4c2677]: IDLE"}}
[debug] [2021-04-10T10:55:11.128Z] [work-queue] {"queueLength":0,"workRunningCount":0}
